\BOOKMARK [1][-]{section.1}{Introduction}{}% 1
\BOOKMARK [1][-]{section.2}{Spatial Reuse techniques in IEEE 802.11 WLANs}{}% 2
\BOOKMARK [1][-]{section.3}{IEEE 802.11ax Spatial Reuse Operation: Building Blocks}{}% 3
\BOOKMARK [2][-]{subsection.3.1}{BSS coloring}{section.3}% 4
\BOOKMARK [3][-]{subsubsection.3.1.1}{BSS color-based channel access rules}{subsection.3.1}% 5
\BOOKMARK [3][-]{subsubsection.3.1.2}{Two NAVs}{subsection.3.1}% 6
\BOOKMARK [2][-]{subsection.3.2}{Spatial Reuse Groups}{section.3}% 7
\BOOKMARK [3][-]{subsubsection.3.2.1}{SRG-based Channel Access Rules}{subsection.3.2}% 8
\BOOKMARK [2][-]{subsection.3.3}{Triggered-based communications}{section.3}% 9
\BOOKMARK [1][-]{section.4}{IEEE 802.11ax Spatial Reuse Operation}{}% 10
\BOOKMARK [2][-]{subsection.4.1}{OBSS/PD-based Spatial Reuse}{section.4}% 11
\BOOKMARK [3][-]{subsubsection.4.1.1}{General constraints}{subsection.4.1}% 12
\BOOKMARK [3][-]{subsubsection.4.1.2}{SRG-based constraints}{subsection.4.1}% 13
\BOOKMARK [3][-]{subsubsection.4.1.3}{Transmit power restriction}{subsection.4.1}% 14
\BOOKMARK [3][-]{subsubsection.4.1.4}{Example of OBSS/PD Spatial Reuse}{subsection.4.1}% 15
\BOOKMARK [2][-]{subsection.4.2}{Parametrized Spatial Reuse}{section.4}% 16
\BOOKMARK [1][-]{section.5}{Model and Simulation of the 11ax Spatial Reuse Operation}{}% 17
\BOOKMARK [2][-]{subsection.5.1}{Introduction to Continuous Time Markov Networks}{section.5}% 18
\BOOKMARK [2][-]{subsection.5.2}{Simple inter-BSS interactions}{section.5}% 19
\BOOKMARK [2][-]{subsection.5.3}{Interactions among Spatial Reuse groups}{section.5}% 20
\BOOKMARK [1][-]{section.6}{Performance Evaluation}{}% 21
\BOOKMARK [2][-]{subsection.6.1}{Network Density}{section.6}% 22
\BOOKMARK [2][-]{subsection.6.2}{Traffic load}{section.6}% 23
\BOOKMARK [2][-]{subsection.6.3}{Joint Spatial Reuse Operation}{section.6}% 24
\BOOKMARK [1][-]{section.7}{Ways Forward and Research Opportunities}{}% 25
\BOOKMARK [2][-]{subsection.7.1}{Unexplored Areas within the Spatial Reuse Operation}{section.7}% 26
\BOOKMARK [2][-]{subsection.7.2}{Integration of the Spatial Reuse Operation with other Techniques}{section.7}% 27
\BOOKMARK [2][-]{subsection.7.3}{Artificial Intelligence to Address Spatial Reuse Optimization}{section.7}% 28
\BOOKMARK [1][-]{section.8}{Conclusions}{}% 29
\BOOKMARK [1][-]{appendix.Appendix.A}{IEEE 802.11ax Frames}{}% 30
\BOOKMARK [2][-]{subsection.Appendix.A.1}{HE PPDU formats}{appendix.Appendix.A}% 31
\BOOKMARK [2][-]{subsection.Appendix.A.2}{Management Fields Implied in the Spatial Reuse Operation}{appendix.Appendix.A}% 32
\BOOKMARK [3][-]{subsubsection.Appendix.A.2.1}{Spatial Reuse Parameter Set element}{subsection.Appendix.A.2}% 33
\BOOKMARK [1][-]{section*.2}{REFERENCES}{}% 34
\BOOKMARK [2][-]{section*.3}{Francesc Wilhelmi}{section*.2}% 35
\BOOKMARK [2][-]{section*.3}{Sergio Barrachina-Mu\361oz}{section*.2}% 36
\BOOKMARK [2][-]{section*.3}{Cristina Cano}{section*.2}% 37
\BOOKMARK [2][-]{section*.3}{Ioannis Selinis}{section*.2}% 38
\BOOKMARK [2][-]{section*.3}{Boris Bellalta}{section*.2}% 39
