\BOOKMARK [1][-]{section.1}{Introduction}{}% 1
\BOOKMARK [1][-]{section.2}{Spatial Reuse techniques in IEEE 802.11 WLANs}{}% 2
\BOOKMARK [1][-]{section.3}{IEEE 802.11ax Spatial Reuse Operation: Building Blocks}{}% 3
\BOOKMARK [2][-]{subsection.3.1}{BSS coloring}{section.3}% 4
\BOOKMARK [3][-]{subsubsection.3.1.1}{BSS color-based channel access rules}{subsection.3.1}% 5
\BOOKMARK [3][-]{subsubsection.3.1.2}{Two NAVs}{subsection.3.1}% 6
\BOOKMARK [2][-]{subsection.3.2}{Spatial Reuse Groups}{section.3}% 7
\BOOKMARK [3][-]{subsubsection.3.2.1}{SRG-based Channel Access Rules}{subsection.3.2}% 8
\BOOKMARK [2][-]{subsection.3.3}{Triggered-based communications}{section.3}% 9
\BOOKMARK [1][-]{section.4}{IEEE 802.11ax Spatial Reuse Operation}{}% 10
\BOOKMARK [2][-]{subsection.4.1}{OBSS/PD-based Spatial Reuse}{section.4}% 11
\BOOKMARK [2][-]{subsection.4.2}{Parametrized Spatial Reuse}{section.4}% 12
\BOOKMARK [1][-]{section.5}{Analysis of OBSS/PD-based SR in Toy Scenarios}{}% 13
\BOOKMARK [2][-]{subsection.5.1}{Introduction to Continuous Time Markov Networks}{section.5}% 14
\BOOKMARK [2][-]{subsection.5.2}{SR-enabled inter-BSS Interactions}{section.5}% 15
\BOOKMARK [3][-]{subsubsection.5.2.1}{Toy scenario 1}{subsection.5.2}% 16
\BOOKMARK [3][-]{subsubsection.5.2.2}{Toy scenario 2}{subsection.5.2}% 17
\BOOKMARK [1][-]{section.6}{Performance Evaluation}{}% 18
\BOOKMARK [2][-]{subsection.6.1}{Network Density}{section.6}% 19
\BOOKMARK [2][-]{subsection.6.2}{Traffic load}{section.6}% 20
\BOOKMARK [2][-]{subsection.6.3}{Joint Spatial Reuse Operation}{section.6}% 21
\BOOKMARK [1][-]{section.7}{Ways Forward and Research Opportunities}{}% 22
\BOOKMARK [2][-]{subsection.7.1}{Unexplored Areas within the Spatial Reuse Operation}{section.7}% 23
\BOOKMARK [2][-]{subsection.7.2}{Integration of the Spatial Reuse Operation with other Techniques}{section.7}% 24
\BOOKMARK [2][-]{subsection.7.3}{Artificial Intelligence for Spatial Reuse}{section.7}% 25
\BOOKMARK [1][-]{section.8}{Conclusions}{}% 26
\BOOKMARK [1][-]{section*.27}{Appendices}{}% 27
\BOOKMARK [1][-]{Appendix .1.A}{IEEE 802.11ax Frames}{}% 28
\BOOKMARK [2][-]{subsection.1.A.1}{HE PPDU formats}{Appendix .1.A}% 29
\BOOKMARK [2][-]{subsection.1.A.2}{Management Fields for Spatial Reuse}{Appendix .1.A}% 30
\BOOKMARK [3][-]{subsubsection.1.A.2.1}{Spatial Reuse Parameter Set element}{subsection.1.A.2}% 31
\BOOKMARK [1][-]{Appendix .1.B}{Model and Simulation Parameters}{}% 32
